Array
(
    [idProfesseur] => 10
    [convocations] => Array
        (
            [0] => Array
                (
                    [matiere] => asd
                    [date] => 2025-05-12
                    [heure] => 02:55
                    [heureFin] => 
                    [cycle] => M2
                    [semestre] => 2
                )

            [1] => Array
                (
                    [matiere] => sad
                    [date] => 2025-06-05
                    [heure] => 05:55
                    [heureFin] => 
                    [cycle] => M2
                    [semestre] => 2
                )

        )

)
